<?xml version="1.0" encoding="UTF-8"?>
<!-- Generated by org.testng.reporters.JUnitReportReporter -->
<testsuite skipped="0" hostname="DESKTOP-G6T0SJ9" name="com.Docker.TestDocker.NewTest" tests="4" failures="0" timestamp="2020-07-23T14:23:36 MSK" time="8.862" errors="0">
  <testcase name="test2" time="0.601" classname="com.Docker.TestDocker.NewTest"/>
  <testcase name="test1" time="4.878" classname="com.Docker.TestDocker.NewTest"/>
  <testcase name="test4" time="3.319" classname="com.Docker.TestDocker.NewTest"/>
  <testcase name="test3" time="0.064" classname="com.Docker.TestDocker.NewTest"/>
</testsuite> <!-- com.Docker.TestDocker.NewTest -->
